{"contracts/GoForItToken.sol":{"l":{"18":10},"path":"/usr/home/gerard/Projekte/Solidity/GoForIt/smartcontracts/contracts/GoForItToken.sol","s":{"1":10},"b":{},"f":{"1":10},"fnMap":{"1":{"name":null,"line":17,"loc":{"start":{"line":17,"column":4},"end":{"line":17,"column":22}}}},"statementMap":{"1":{"start":{"line":18,"column":8},"end":{"line":18,"column":14}}},"branchMap":{}},"contracts/GoForItTokenSale.sol":{"l":{"53":5,"61":34,"63":22,"64":18,"66":18,"72":13,"74":11,"80":4,"87":28,"88":26,"90":26,"95":8,"97":8,"98":8,"99":8,"100":8,"102":8,"103":8,"104":8,"105":8,"107":8,"108":8,"110":8},"path":"/usr/home/gerard/Projekte/Solidity/GoForIt/smartcontracts/contracts/GoForItTokenSale.sol","s":{"1":5,"2":34,"3":22,"4":18,"5":18,"6":13,"7":4,"8":28,"9":26,"10":8,"11":8,"12":8,"13":8,"14":8,"15":8,"16":8,"17":8,"18":8,"19":8},"b":{"1":[22,12],"2":[18,4],"3":[11,2],"4":[26,2],"5":[8,0]},"f":{"1":5,"2":34,"3":13,"4":4,"5":28,"6":8},"fnMap":{"1":{"name":null,"line":44,"loc":{"start":{"line":44,"column":4},"end":{"line":52,"column":5}}},"2":{"name":"setRate","line":58,"loc":{"start":{"line":58,"column":4},"end":{"line":58,"column":50}}},"3":{"name":"withdrawInvestment","line":71,"loc":{"start":{"line":71,"column":4},"end":{"line":71,"column":38}}},"4":{"name":"goForItSaleOngoing","line":79,"loc":{"start":{"line":79,"column":4},"end":{"line":79,"column":58}}},"5":{"name":"_deliverTokens","line":86,"loc":{"start":{"line":86,"column":4},"end":{"line":86,"column":75}}},"6":{"name":"finalization","line":94,"loc":{"start":{"line":94,"column":4},"end":{"line":94,"column":34}}}},"statementMap":{"1":{"start":{"line":53,"column":8},"end":{"line":53,"column":55}},"2":{"start":{"line":61,"column":8},"end":{"line":61,"column":86}},"3":{"start":{"line":63,"column":8},"end":{"line":63,"column":2606}},"4":{"start":{"line":64,"column":12},"end":{"line":64,"column":26}},"5":{"start":{"line":66,"column":12},"end":{"line":66,"column":38}},"6":{"start":{"line":72,"column":8},"end":{"line":72,"column":54}},"7":{"start":{"line":80,"column":8},"end":{"line":80,"column":67}},"8":{"start":{"line":87,"column":8},"end":{"line":87,"column":85}},"9":{"start":{"line":88,"column":8},"end":{"line":88,"column":72}},"10":{"start":{"line":95,"column":8},"end":{"line":95,"column":54}},"11":{"start":{"line":97,"column":8},"end":{"line":97,"column":70}},"12":{"start":{"line":99,"column":8},"end":{"line":99,"column":26}},"13":{"start":{"line":100,"column":8},"end":{"line":100,"column":26}},"14":{"start":{"line":102,"column":8},"end":{"line":102,"column":26}},"15":{"start":{"line":103,"column":8},"end":{"line":103,"column":26}},"16":{"start":{"line":104,"column":8},"end":{"line":104,"column":26}},"17":{"start":{"line":105,"column":8},"end":{"line":105,"column":26}},"18":{"start":{"line":107,"column":8},"end":{"line":107,"column":26}},"19":{"start":{"line":108,"column":8},"end":{"line":108,"column":26}}},"branchMap":{"1":{"line":61,"type":"if","locations":[{"start":{"line":61,"column":8},"end":{"line":61,"column":8}},{"start":{"line":61,"column":8},"end":{"line":61,"column":8}}]},"2":{"line":63,"type":"if","locations":[{"start":{"line":63,"column":8},"end":{"line":63,"column":8}},{"start":{"line":63,"column":8},"end":{"line":63,"column":8}}]},"3":{"line":72,"type":"if","locations":[{"start":{"line":72,"column":8},"end":{"line":72,"column":8}},{"start":{"line":72,"column":8},"end":{"line":72,"column":8}}]},"4":{"line":87,"type":"if","locations":[{"start":{"line":87,"column":8},"end":{"line":87,"column":8}},{"start":{"line":87,"column":8},"end":{"line":87,"column":8}}]},"5":{"line":95,"type":"if","locations":[{"start":{"line":95,"column":8},"end":{"line":95,"column":8}},{"start":{"line":95,"column":8},"end":{"line":95,"column":8}}]}}},"contracts/PostKYCCrowdsale.sol":{"l":{"42":33,"44":32,"45":32,"46":32,"48":32,"49":29,"51":29,"53":29,"55":29,"56":13,"58":13,"59":13,"61":12,"70":11,"72":11,"74":10,"76":10,"78":8,"79":8,"81":8,"83":8,"85":8,"87":8,"95":40,"97":38,"103":35,"104":35,"106":35,"108":15,"109":14,"112":20,"113":20,"121":34,"122":14,"129":13,"130":13,"136":34,"138":34},"path":"/usr/home/gerard/Projekte/Solidity/GoForIt/smartcontracts/contracts/PostKYCCrowdsale.sol","s":{"1":33,"2":32,"3":32,"4":32,"5":32,"6":29,"7":29,"8":29,"9":29,"10":13,"11":13,"12":13,"13":12,"14":11,"15":11,"16":10,"17":10,"18":8,"19":8,"20":8,"21":8,"22":8,"23":40,"24":35,"25":35,"26":35,"27":15,"28":14,"29":20,"30":20,"31":34,"32":13,"33":34},"b":{"1":[32,1],"2":[29,3],"3":[13,16],"4":[10,1],"5":[8,2],"6":[8,0],"7":[38,2],"8":[15,20],"9":[14,20],"10":[34,0]},"f":{"1":33,"2":11,"3":40,"4":35,"5":34,"6":13,"7":34},"fnMap":{"1":{"name":"verifyInvestors","line":41,"loc":{"start":{"line":41,"column":4},"end":{"line":41,"column":65}}},"2":{"name":"withdrawInvestment","line":69,"loc":{"start":{"line":69,"column":4},"end":{"line":69,"column":38}}},"3":{"name":"_preValidatePurchase","line":93,"loc":{"start":{"line":93,"column":4},"end":{"line":93,"column":80}}},"4":{"name":"_processPurchase","line":102,"loc":{"start":{"line":102,"column":4},"end":{"line":102,"column":64}}},"5":{"name":"_forwardFunds","line":118,"loc":{"start":{"line":118,"column":4},"end":{"line":118,"column":35}}},"6":{"name":"_forwardFunds","line":128,"loc":{"start":{"line":128,"column":4},"end":{"line":128,"column":50}}},"7":{"name":"_postValidatePurchase","line":135,"loc":{"start":{"line":135,"column":4},"end":{"line":135,"column":68}}}},"statementMap":{"1":{"start":{"line":42,"column":8},"end":{"line":42,"column":58}},"2":{"start":{"line":44,"column":8},"end":{"line":44,"column":1788}},"3":{"start":{"line":45,"column":12},"end":{"line":45,"column":43}},"4":{"start":{"line":46,"column":12},"end":{"line":46,"column":64}},"5":{"start":{"line":48,"column":12},"end":{"line":48,"column":1965}},"6":{"start":{"line":49,"column":16},"end":{"line":49,"column":43}},"7":{"start":{"line":51,"column":16},"end":{"line":51,"column":47}},"8":{"start":{"line":53,"column":16},"end":{"line":53,"column":70}},"9":{"start":{"line":55,"column":16},"end":{"line":55,"column":2248}},"10":{"start":{"line":56,"column":20},"end":{"line":56,"column":52}},"11":{"start":{"line":58,"column":20},"end":{"line":58,"column":61}},"12":{"start":{"line":59,"column":20},"end":{"line":59,"column":63}},"13":{"start":{"line":61,"column":20},"end":{"line":61,"column":70}},"14":{"start":{"line":70,"column":8},"end":{"line":70,"column":62}},"15":{"start":{"line":72,"column":8},"end":{"line":72,"column":71}},"16":{"start":{"line":74,"column":8},"end":{"line":74,"column":58}},"17":{"start":{"line":76,"column":8},"end":{"line":76,"column":58}},"18":{"start":{"line":78,"column":8},"end":{"line":78,"column":38}},"19":{"start":{"line":79,"column":8},"end":{"line":79,"column":40}},"20":{"start":{"line":81,"column":8},"end":{"line":81,"column":64}},"21":{"start":{"line":85,"column":8},"end":{"line":85,"column":62}},"22":{"start":{"line":87,"column":8},"end":{"line":87,"column":56}},"23":{"start":{"line":95,"column":8},"end":{"line":95,"column":74}},"24":{"start":{"line":103,"column":8},"end":{"line":103,"column":62}},"25":{"start":{"line":104,"column":8},"end":{"line":104,"column":79}},"26":{"start":{"line":106,"column":8},"end":{"line":106,"column":4060}},"27":{"start":{"line":108,"column":12},"end":{"line":108,"column":51}},"28":{"start":{"line":109,"column":12},"end":{"line":109,"column":58}},"29":{"start":{"line":112,"column":12},"end":{"line":112,"column":90}},"30":{"start":{"line":113,"column":12},"end":{"line":113,"column":61}},"31":{"start":{"line":121,"column":8},"end":{"line":121,"column":4766}},"32":{"start":{"line":129,"column":8},"end":{"line":129,"column":58}},"33":{"start":{"line":138,"column":8},"end":{"line":138,"column":56}}},"branchMap":{"1":{"line":42,"type":"if","locations":[{"start":{"line":42,"column":8},"end":{"line":42,"column":8}},{"start":{"line":42,"column":8},"end":{"line":42,"column":8}}]},"2":{"line":48,"type":"if","locations":[{"start":{"line":48,"column":12},"end":{"line":48,"column":12}},{"start":{"line":48,"column":12},"end":{"line":48,"column":12}}]},"3":{"line":55,"type":"if","locations":[{"start":{"line":55,"column":16},"end":{"line":55,"column":16}},{"start":{"line":55,"column":16},"end":{"line":55,"column":16}}]},"4":{"line":72,"type":"if","locations":[{"start":{"line":72,"column":8},"end":{"line":72,"column":8}},{"start":{"line":72,"column":8},"end":{"line":72,"column":8}}]},"5":{"line":76,"type":"if","locations":[{"start":{"line":76,"column":8},"end":{"line":76,"column":8}},{"start":{"line":76,"column":8},"end":{"line":76,"column":8}}]},"6":{"line":87,"type":"if","locations":[{"start":{"line":87,"column":8},"end":{"line":87,"column":8}},{"start":{"line":87,"column":8},"end":{"line":87,"column":8}}]},"7":{"line":95,"type":"if","locations":[{"start":{"line":95,"column":8},"end":{"line":95,"column":8}},{"start":{"line":95,"column":8},"end":{"line":95,"column":8}}]},"8":{"line":106,"type":"if","locations":[{"start":{"line":106,"column":8},"end":{"line":106,"column":8}},{"start":{"line":106,"column":8},"end":{"line":106,"column":8}}]},"9":{"line":121,"type":"if","locations":[{"start":{"line":121,"column":8},"end":{"line":121,"column":8}},{"start":{"line":121,"column":8},"end":{"line":121,"column":8}}]},"10":{"line":138,"type":"if","locations":[{"start":{"line":138,"column":8},"end":{"line":138,"column":8}},{"start":{"line":138,"column":8},"end":{"line":138,"column":8}}]}}},"contracts/TokenVesting.sol":{"l":{"27":12,"28":12,"34":4,"36":2,"38":2,"39":2,"42":2,"49":16,"51":14,"53":24,"54":24,"56":24,"59":14,"64":7,"70":7,"71":11,"78":18,"80":16,"82":16,"83":14,"84":14,"86":14,"88":14},"path":"/usr/home/gerard/Projekte/Solidity/GoForIt/smartcontracts/contracts/TokenVesting.sol","s":{"1":12,"2":12,"3":4,"4":2,"5":2,"6":2,"7":16,"8":14,"9":24,"10":24,"11":24,"12":14,"13":7,"14":7,"15":11,"16":18,"17":16,"18":16,"19":14,"20":14,"21":14,"22":14},"b":{"1":[2,2],"2":[2,0],"3":[14,2],"4":[13,1],"5":[16,2],"6":[14,2],"7":[14,0]},"f":{"1":12,"2":4,"3":16,"4":7,"5":7,"6":18},"fnMap":{"1":{"name":null,"line":26,"loc":{"start":{"line":26,"column":4},"end":{"line":26,"column":67}}},"2":{"name":"destruct","line":33,"loc":{"start":{"line":33,"column":4},"end":{"line":33,"column":38}}},"3":{"name":"allocate","line":48,"loc":{"start":{"line":48,"column":4},"end":{"line":48,"column":79}}},"4":{"name":"withdraw","line":63,"loc":{"start":{"line":63,"column":4},"end":{"line":63,"column":28}}},"5":{"name":"withdrawFor","line":69,"loc":{"start":{"line":69,"column":4},"end":{"line":69,"column":65}}},"6":{"name":"_withdraw","line":77,"loc":{"start":{"line":77,"column":4},"end":{"line":77,"column":51}}}},"statementMap":{"1":{"start":{"line":27,"column":8},"end":{"line":27,"column":21}},"2":{"start":{"line":28,"column":8},"end":{"line":28,"column":47}},"3":{"start":{"line":34,"column":8},"end":{"line":34,"column":84}},"4":{"start":{"line":36,"column":8},"end":{"line":36,"column":46}},"5":{"start":{"line":38,"column":8},"end":{"line":38,"column":1254}},"6":{"start":{"line":42,"column":8},"end":{"line":42,"column":26}},"7":{"start":{"line":49,"column":8},"end":{"line":49,"column":86}},"8":{"start":{"line":51,"column":8},"end":{"line":51,"column":1717}},"9":{"start":{"line":53,"column":12},"end":{"line":53,"column":91}},"10":{"start":{"line":54,"column":12},"end":{"line":54,"column":55}},"11":{"start":{"line":56,"column":12},"end":{"line":56,"column":59}},"12":{"start":{"line":59,"column":8},"end":{"line":59,"column":86}},"13":{"start":{"line":64,"column":8},"end":{"line":64,"column":28}},"14":{"start":{"line":70,"column":8},"end":{"line":70,"column":2498}},"15":{"start":{"line":71,"column":12},"end":{"line":71,"column":39}},"16":{"start":{"line":78,"column":8},"end":{"line":78,"column":68}},"17":{"start":{"line":80,"column":8},"end":{"line":80,"column":46}},"18":{"start":{"line":82,"column":8},"end":{"line":82,"column":2883}},"19":{"start":{"line":83,"column":12},"end":{"line":83,"column":40}},"20":{"start":{"line":84,"column":12},"end":{"line":84,"column":36}},"21":{"start":{"line":86,"column":12},"end":{"line":86,"column":81}},"22":{"start":{"line":88,"column":12},"end":{"line":88,"column":49}}},"branchMap":{"1":{"line":34,"type":"if","locations":[{"start":{"line":34,"column":8},"end":{"line":34,"column":8}},{"start":{"line":34,"column":8},"end":{"line":34,"column":8}}]},"2":{"line":38,"type":"if","locations":[{"start":{"line":38,"column":8},"end":{"line":38,"column":8}},{"start":{"line":38,"column":8},"end":{"line":38,"column":8}}]},"3":{"line":49,"type":"if","locations":[{"start":{"line":49,"column":8},"end":{"line":49,"column":8}},{"start":{"line":49,"column":8},"end":{"line":49,"column":8}}]},"4":{"line":59,"type":"if","locations":[{"start":{"line":59,"column":8},"end":{"line":59,"column":8}},{"start":{"line":59,"column":8},"end":{"line":59,"column":8}}]},"5":{"line":78,"type":"if","locations":[{"start":{"line":78,"column":8},"end":{"line":78,"column":8}},{"start":{"line":78,"column":8},"end":{"line":78,"column":8}}]},"6":{"line":82,"type":"if","locations":[{"start":{"line":82,"column":8},"end":{"line":82,"column":8}},{"start":{"line":82,"column":8},"end":{"line":82,"column":8}}]},"7":{"line":86,"type":"if","locations":[{"start":{"line":86,"column":12},"end":{"line":86,"column":12}},{"start":{"line":86,"column":12},"end":{"line":86,"column":12}}]}}}}