TN:
SF:/usr/home/gerard/Projekte/Solidity/GoForIt/smartcontracts/contracts/GoForItToken.sol
FN:17,
FNF:1
FNH:1
FNDA:10,
DA:18,10
LF:1
LH:1
BRF:0
BRH:0
end_of_record
TN:
SF:/usr/home/gerard/Projekte/Solidity/GoForIt/smartcontracts/contracts/GoForItTokenSale.sol
FN:44,
FN:58,setRate
FN:71,withdrawInvestment
FN:79,goForItSaleOngoing
FN:86,_deliverTokens
FN:94,finalization
FNF:6
FNH:6
FNDA:5,
FNDA:34,setRate
FNDA:13,withdrawInvestment
FNDA:4,goForItSaleOngoing
FNDA:28,_deliverTokens
FNDA:8,finalization
DA:53,5
DA:61,34
DA:63,22
DA:64,18
DA:66,18
DA:72,13
DA:74,11
DA:80,4
DA:87,28
DA:88,26
DA:90,26
DA:95,8
DA:97,8
DA:98,8
DA:99,8
DA:100,8
DA:102,8
DA:103,8
DA:104,8
DA:105,8
DA:107,8
DA:108,8
DA:110,8
LF:23
LH:23
BRDA:61,1,0,22
BRDA:61,1,1,12
BRDA:63,2,0,18
BRDA:63,2,1,4
BRDA:72,3,0,11
BRDA:72,3,1,2
BRDA:87,4,0,26
BRDA:87,4,1,2
BRDA:95,5,0,8
BRDA:95,5,1,0
BRF:10
BRH:9
end_of_record
TN:
SF:/usr/home/gerard/Projekte/Solidity/GoForIt/smartcontracts/contracts/PostKYCCrowdsale.sol
FN:41,verifyInvestors
FN:69,withdrawInvestment
FN:93,_preValidatePurchase
FN:102,_processPurchase
FN:118,_forwardFunds
FN:128,_forwardFunds
FN:135,_postValidatePurchase
FNF:7
FNH:7
FNDA:33,verifyInvestors
FNDA:11,withdrawInvestment
FNDA:40,_preValidatePurchase
FNDA:35,_processPurchase
FNDA:34,_forwardFunds
FNDA:13,_forwardFunds
FNDA:34,_postValidatePurchase
DA:42,33
DA:44,32
DA:45,32
DA:46,32
DA:48,32
DA:49,29
DA:51,29
DA:53,29
DA:55,29
DA:56,13
DA:58,13
DA:59,13
DA:61,12
DA:70,11
DA:72,11
DA:74,10
DA:76,10
DA:78,8
DA:79,8
DA:81,8
DA:83,8
DA:85,8
DA:87,8
DA:95,40
DA:97,38
DA:103,35
DA:104,35
DA:106,35
DA:108,15
DA:109,14
DA:112,20
DA:113,20
DA:121,34
DA:122,14
DA:129,13
DA:130,13
DA:136,34
DA:138,34
LF:38
LH:38
BRDA:42,1,0,32
BRDA:42,1,1,1
BRDA:48,2,0,29
BRDA:48,2,1,3
BRDA:55,3,0,13
BRDA:55,3,1,16
BRDA:72,4,0,10
BRDA:72,4,1,1
BRDA:76,5,0,8
BRDA:76,5,1,2
BRDA:87,6,0,8
BRDA:87,6,1,0
BRDA:95,7,0,38
BRDA:95,7,1,2
BRDA:106,8,0,15
BRDA:106,8,1,20
BRDA:121,9,0,14
BRDA:121,9,1,20
BRDA:138,10,0,34
BRDA:138,10,1,0
BRF:20
BRH:18
end_of_record
TN:
SF:/usr/home/gerard/Projekte/Solidity/GoForIt/smartcontracts/contracts/TokenVesting.sol
FN:26,
FN:33,destruct
FN:48,allocate
FN:63,withdraw
FN:69,withdrawFor
FN:77,_withdraw
FNF:6
FNH:6
FNDA:12,
FNDA:4,destruct
FNDA:16,allocate
FNDA:7,withdraw
FNDA:7,withdrawFor
FNDA:18,_withdraw
DA:27,12
DA:28,12
DA:34,4
DA:36,2
DA:38,2
DA:39,2
DA:42,2
DA:49,16
DA:51,14
DA:53,24
DA:54,24
DA:56,24
DA:59,14
DA:64,7
DA:70,7
DA:71,11
DA:78,18
DA:80,16
DA:82,16
DA:83,14
DA:84,14
DA:86,14
DA:88,14
LF:23
LH:23
BRDA:34,1,0,2
BRDA:34,1,1,2
BRDA:38,2,0,2
BRDA:38,2,1,0
BRDA:49,3,0,14
BRDA:49,3,1,2
BRDA:59,4,0,13
BRDA:59,4,1,1
BRDA:78,5,0,16
BRDA:78,5,1,2
BRDA:82,6,0,14
BRDA:82,6,1,2
BRDA:86,7,0,14
BRDA:86,7,1,0
BRF:14
BRH:12
end_of_record
